#
# There is insufficient memory for the Java Runtime Environment to continue.
# Native memory allocation (malloc) failed to allocate 32744 bytes for ChunkPool::allocate
# Possible reasons:
#   The system is out of physical RAM or swap space
#   The process is running with CompressedOops enabled, and the Java Heap may be blocking the growth of the native heap
# Possible solutions:
#   Reduce memory load on the system
#   Increase physical memory or swap space
#   Check if swap backing store is full
#   Decrease Java heap size (-Xmx/-Xms)
#   Decrease number of Java threads
#   Decrease Java thread stack sizes (-Xss)
#   Set larger code cache with -XX:ReservedCodeCacheSize=
#   JVM is running with Unscaled Compressed Oops mode in which the Java heap is
#     placed in the first 4GB address space. The Java Heap base address is the
#     maximum limit for the native heap growth. Please use -XX:HeapBaseMinAddress
#     to set the Java Heap base and to place the Java Heap above 4GB virtual address.
# This output file may be truncated or incomplete.
#
#  Out of Memory Error (allocation.cpp:272), pid=416, tid=0x0000000000001cf8
#
# JRE version: OpenJDK Runtime Environment (8.0_242-b01) (build 1.8.0_242-release-1644-b01)
# Java VM: OpenJDK 64-Bit Server VM (25.242-b01 mixed mode windows-amd64 compressed oops)
# Failed to write core dump. Minidumps are not enabled by default on client versions of Windows
#

---------------  T H R E A D  ---------------

Current thread (0x0000000019397000):  JavaThread "C2 CompilerThread1" daemon [_thread_in_native, id=7416, stack(0x0000000019d70000,0x0000000019e70000)]

Stack: [0x0000000019d70000,0x0000000019e70000]
[error occurred during error reporting (printing stack bounds), id 0xc0000005]

Native frames: (J=compiled Java code, j=interpreted, Vv=VM code, C=native code)


Current CompileTask:
C2:  29583 4464       4       com.sun.beans.TypeResolver::resolve (37 bytes)


---------------  P R O C E S S  ---------------

Java Threads: ( => current thread )
  0x0000000020dec800 JavaThread "Cache worker for Build Output Cleanup Cache (C:\Users\jessi\AndroidStudioProjects\RelativeLayout\.gradle\buildOutputCleanup)" [_thread_blocked, id=11412, stack(0x0000000023810000,0x0000000023910000)]
  0x0000000020de0800 JavaThread "Build operations Thread 8" [_thread_blocked, id=7552, stack(0x0000000023110000,0x0000000023210000)]
  0x0000000020ddf800 JavaThread "Build operations Thread 7" [_thread_blocked, id=8612, stack(0x0000000023010000,0x0000000023110000)]
  0x0000000020ddf000 JavaThread "Build operations Thread 6" [_thread_blocked, id=9420, stack(0x0000000022f10000,0x0000000023010000)]
  0x0000000020de1000 JavaThread "Build operations Thread 5" [_thread_blocked, id=9252, stack(0x0000000022e10000,0x0000000022f10000)]
  0x0000000020de4000 JavaThread "Build operations Thread 4" [_thread_blocked, id=6660, stack(0x0000000022d10000,0x0000000022e10000)]
  0x0000000020de3800 JavaThread "Build operations Thread 3" [_thread_blocked, id=3180, stack(0x0000000022c10000,0x0000000022d10000)]
  0x0000000020de2800 JavaThread "Build operations Thread 2" [_thread_blocked, id=8332, stack(0x0000000022890000,0x0000000022990000)]
  0x0000000020de2000 JavaThread "Build operations" [_thread_blocked, id=10092, stack(0x0000000022790000,0x0000000022890000)]
  0x000000001beb5000 JavaThread "Cache worker for execution history cache (C:\Users\jessi\.gradle\caches\6.1.1\executionHistory)" [_thread_blocked, id=4260, stack(0x0000000021c90000,0x0000000021d90000)]
  0x000000001beb2000 JavaThread "Cache worker for cache directory md-rule (C:\Users\jessi\.gradle\caches\6.1.1\md-rule)" [_thread_blocked, id=6168, stack(0x0000000020af0000,0x0000000020bf0000)]
  0x000000001beb1000 JavaThread "Cache worker for cache directory md-supplier (C:\Users\jessi\.gradle\caches\6.1.1\md-supplier)" [_thread_blocked, id=292, stack(0x0000000020550000,0x0000000020650000)]
  0x000000001beb0800 JavaThread "Cache worker for file hash cache (C:\Users\jessi\AndroidStudioProjects\RelativeLayout\.gradle\6.1.1\fileHashes)" [_thread_blocked, id=2104, stack(0x00000000207f0000,0x00000000208f0000)]
  0x000000001beaf000 JavaThread "Cache worker for checksums cache (C:\Users\jessi\AndroidStudioProjects\RelativeLayout\.gradle\checksums)" [_thread_blocked, id=9592, stack(0x00000000206f0000,0x00000000207f0000)]
  0x000000001beb5800 JavaThread "Cache worker for file hash cache (C:\Users\jessi\.gradle\caches\6.1.1\fileHashes)" [_thread_blocked, id=4856, stack(0x000000001e0b0000,0x000000001e1b0000)]
  0x000000001beb3800 JavaThread "File lock request listener" [_thread_in_native, id=5220, stack(0x000000001dfb0000,0x000000001e0b0000)]
  0x000000001b64e000 JavaThread "Cache worker for journal cache (C:\Users\jessi\.gradle\caches\journal-1)" [_thread_blocked, id=10120, stack(0x000000001deb0000,0x000000001dfb0000)]
  0x000000001be5f000 JavaThread "Thread-9" [_thread_blocked, id=8476, stack(0x000000001dbb0000,0x000000001dcb0000)]
  0x000000001bf02800 JavaThread "Stdin handler" [_thread_blocked, id=440, stack(0x000000001dab0000,0x000000001dbb0000)]
  0x000000001bdf4800 JavaThread "Asynchronous log dispatcher for DefaultDaemonConnection: socket connection from /127.0.0.1:50155 to /127.0.0.1:50156" [_thread_blocked, id=8280, stack(0x000000001d9b0000,0x000000001dab0000)]
  0x000000001bdf9800 JavaThread "Daemon worker" [_thread_in_vm, id=1192, stack(0x000000001d8b0000,0x000000001d9b0000)]
  0x000000001bdf6000 JavaThread "Cancel handler" [_thread_blocked, id=1652, stack(0x000000001d7b0000,0x000000001d8b0000)]
  0x000000001be5b800 JavaThread "Handler for socket connection from /127.0.0.1:50155 to /127.0.0.1:50156" [_thread_in_native, id=7768, stack(0x000000001d4b0000,0x000000001d5b0000)]
  0x000000001bdbb000 JavaThread "Daemon" [_thread_blocked, id=1728, stack(0x000000001d3b0000,0x000000001d4b0000)]
  0x000000001be57800 JavaThread "Daemon periodic checks" [_thread_blocked, id=11860, stack(0x000000001d2b0000,0x000000001d3b0000)]
  0x000000001be05000 JavaThread "Incoming local TCP Connector on port 50155" [_thread_in_native, id=1456, stack(0x000000001d050000,0x000000001d150000)]
  0x000000001bd0c000 JavaThread "Daemon health stats" [_thread_blocked, id=9352, stack(0x000000001ca10000,0x000000001cb10000)]
  0x0000000019426800 JavaThread "Service Thread" daemon [_thread_blocked, id=8868, stack(0x000000001a070000,0x000000001a170000)]
  0x00000000193a9000 JavaThread "C1 CompilerThread3" daemon [_thread_blocked, id=8312, stack(0x0000000019f70000,0x000000001a070000)]
  0x000000001939b800 JavaThread "C2 CompilerThread2" daemon [_thread_in_native, id=1648, stack(0x0000000019e70000,0x0000000019f70000)]
=>0x0000000019397000 JavaThread "C2 CompilerThread1" daemon [_thread_in_native, id=7416, stack(0x0000000019d70000,0x0000000019e70000)]
  0x0000000019390000 JavaThread "C2 CompilerThread0" daemon [_thread_in_native, id=8900, stack(0x0000000019c70000,0x0000000019d70000)]
  0x000000001938f000 JavaThread "Attach Listener" daemon [_thread_blocked, id=9160, stack(0x0000000019b70000,0x0000000019c70000)]
  0x000000001938e000 JavaThread "Signal Dispatcher" daemon [_thread_blocked, id=11688, stack(0x0000000019a70000,0x0000000019b70000)]
  0x0000000019381000 JavaThread "Finalizer" daemon [_thread_blocked, id=6992, stack(0x0000000019860000,0x0000000019960000)]
  0x000000001757c800 JavaThread "Reference Handler" daemon [_thread_blocked, id=8060, stack(0x0000000019760000,0x0000000019860000)]
  0x000000000226d800 JavaThread "main" [_thread_blocked, id=11936, stack(0x0000000002310000,0x0000000002410000)]

Other Threads:
  0x0000000017578000 VMThread [stack: 0x0000000019260000,0x0000000019360000] [id=3176]
  0x0000000019427000 WatcherThread [stack: 0x000000001a170000,0x000000001a270000] [id=4596]

VM state:not at safepoint (normal execution)

VM Mutex/Monitor currently owned by a thread: None

heap address: 0x0000000080000000, size: 2048 MB, Compressed Oops mode: 32-bit
Narrow klass base: 0x0000000000000000, Narrow klass shift: 3
Compressed class space size: 1073741824 Address: 0x0000000100000000

Heap:
 PSYoungGen      total 143360K, used 85608K [0x00000000d5580000, 0x00000000df380000, 0x0000000100000000)
  eden space 131584K, 56% used [0x00000000d5580000,0x00000000d9da0710,0x00000000dd600000)
  from space 11776K, 99% used [0x00000000de800000,0x00000000df379978,0x00000000df380000)
  to   space 13312K, 0% used [0x00000000dd980000,0x00000000dd980000,0x00000000de680000)
 ParOldGen       total 89088K, used 16290K [0x0000000080000000, 0x0000000085700000, 0x00000000d5580000)
  object space 89088K, 18% used [0x0000000080000000,0x0000000080fe8890,0x0000000085700000)
 Metaspace       used 49446K, capacity 51182K, committed 51368K, reserved 1093632K
  class space    used 6621K, capacity 7052K, committed 7088K, reserved 1048576K

Card table byte_map: [0x00000000118d0000,0x0000000011ce0000] byte_map_base: 0x00000000114d0000

Marking Bits: (ParMarkBitMap*) 0x000000006956f030
 Begin Bits: [0x0000000012790000, 0x0000000014790000)
 End Bits:   [0x0000000014790000, 0x0000000016790000)

Polling page: 0x0000000000b70000

CodeCache: size=245760Kb used=14016Kb max_used=14021Kb free=231743Kb
 bounds [0x0000000002510000, 0x00000000032d0000, 0x0000000011510000]
 total_blobs=4841 nmethods=4076 adapters=678
 compilation: enabled

Compilation events (10 events):
Event: 29.479 Thread 0x0000000019397000 4463       4       groovy.lang.MetaClassImpl::checkIfGroovyObjectMethod (57 bytes)
Event: 29.481 Thread 0x00000000193a9000 nmethod 4462 0x00000000032c9b90 code [0x00000000032c9da0, 0x00000000032cab48]
Event: 29.482 Thread 0x0000000019397000 nmethod 4463 0x00000000032b7fd0 code [0x00000000032b8120, 0x00000000032b81f8]
Event: 29.495 Thread 0x0000000019397000 4464       4       com.sun.beans.TypeResolver::resolve (37 bytes)
Event: 29.501 Thread 0x00000000193a9000 4465       1       java.util.HashMap::afterNodeAccess (1 bytes)
Event: 29.501 Thread 0x00000000193a9000 nmethod 4465 0x00000000032b7cd0 code [0x00000000032b7e20, 0x00000000032b7f30]
Event: 29.509 Thread 0x00000000193a9000 4467       3       groovy.lang.MetaClassImpl$1::compare (13 bytes)
Event: 29.511 Thread 0x00000000193a9000 nmethod 4467 0x00000000032c8b90 code [0x00000000032c8d60, 0x00000000032c97a8]
Event: 29.514 Thread 0x00000000193a9000 4468       3       java.util.LinkedList$ListItr::hasPrevious (13 bytes)
Event: 29.515 Thread 0x00000000193a9000 nmethod 4468 0x00000000032c8810 code [0x00000000032c8960, 0x00000000032c8b10]

GC Heap History (10 events):
Event: 6.538 GC heap before
{Heap before GC invocations=8 (full 1):
 PSYoungGen      total 76288K, used 66048K [0x00000000d5580000, 0x00000000dab80000, 0x0000000100000000)
  eden space 66048K, 100% used [0x00000000d5580000,0x00000000d9600000,0x00000000d9600000)
  from space 10240K, 0% used [0x00000000da080000,0x00000000da080000,0x00000000daa80000)
  to   space 10752K, 0% used [0x00000000d9600000,0x00000000d9600000,0x00000000da080000)
 ParOldGen       total 59904K, used 8853K [0x0000000080000000, 0x0000000083a80000, 0x00000000d5580000)
  object space 59904K, 14% used [0x0000000080000000,0x00000000808a5790,0x0000000083a80000)
 Metaspace       used 28215K, capacity 28928K, committed 29232K, reserved 1075200K
  class space    used 3897K, capacity 4131K, committed 4144K, reserved 1048576K
Event: 6.555 GC heap after
Heap after GC invocations=8 (full 1):
 PSYoungGen      total 76800K, used 8371K [0x00000000d5580000, 0x00000000dd280000, 0x0000000100000000)
  eden space 66048K, 0% used [0x00000000d5580000,0x00000000d5580000,0x00000000d9600000)
  from space 10752K, 77% used [0x00000000d9600000,0x00000000d9e2ce48,0x00000000da080000)
  to   space 11264K, 0% used [0x00000000dc780000,0x00000000dc780000,0x00000000dd280000)
 ParOldGen       total 59904K, used 8861K [0x0000000080000000, 0x0000000083a80000, 0x00000000d5580000)
  object space 59904K, 14% used [0x0000000080000000,0x00000000808a7790,0x0000000083a80000)
 Metaspace       used 28215K, capacity 28928K, committed 29232K, reserved 1075200K
  class space    used 3897K, capacity 4131K, committed 4144K, reserved 1048576K
}
Event: 8.281 GC heap before
{Heap before GC invocations=9 (full 1):
 PSYoungGen      total 76800K, used 74419K [0x00000000d5580000, 0x00000000dd280000, 0x0000000100000000)
  eden space 66048K, 100% used [0x00000000d5580000,0x00000000d9600000,0x00000000d9600000)
  from space 10752K, 77% used [0x00000000d9600000,0x00000000d9e2ce48,0x00000000da080000)
  to   space 11264K, 0% used [0x00000000dc780000,0x00000000dc780000,0x00000000dd280000)
 ParOldGen       total 59904K, used 8861K [0x0000000080000000, 0x0000000083a80000, 0x00000000d5580000)
  object space 59904K, 14% used [0x0000000080000000,0x00000000808a7790,0x0000000083a80000)
 Metaspace       used 32342K, capacity 33196K, committed 33456K, reserved 1077248K
  class space    used 4424K, capacity 4677K, committed 4784K, reserved 1048576K
Event: 8.301 GC heap after
Heap after GC invocations=9 (full 1):
 PSYoungGen      total 114688K, used 8753K [0x00000000d5580000, 0x00000000dd200000, 0x0000000100000000)
  eden space 103936K, 0% used [0x00000000d5580000,0x00000000d5580000,0x00000000dbb00000)
  from space 10752K, 81% used [0x00000000dc780000,0x00000000dd00c668,0x00000000dd200000)
  to   space 11776K, 0% used [0x00000000dbb00000,0x00000000dbb00000,0x00000000dc680000)
 ParOldGen       total 59904K, used 8869K [0x0000000080000000, 0x0000000083a80000, 0x00000000d5580000)
  object space 59904K, 14% used [0x0000000080000000,0x00000000808a9790,0x0000000083a80000)
 Metaspace       used 32342K, capacity 33196K, committed 33456K, reserved 1077248K
  class space    used 4424K, capacity 4677K, committed 4784K, reserved 1048576K
}
Event: 9.853 GC heap before
{Heap before GC invocations=10 (full 1):
 PSYoungGen      total 114688K, used 55633K [0x00000000d5580000, 0x00000000dd200000, 0x0000000100000000)
  eden space 103936K, 45% used [0x00000000d5580000,0x00000000d8348178,0x00000000dbb00000)
  from space 10752K, 81% used [0x00000000dc780000,0x00000000dd00c668,0x00000000dd200000)
  to   space 11776K, 0% used [0x00000000dbb00000,0x00000000dbb00000,0x00000000dc680000)
 ParOldGen       total 59904K, used 8869K [0x0000000080000000, 0x0000000083a80000, 0x00000000d5580000)
  object space 59904K, 14% used [0x0000000080000000,0x00000000808a9790,0x0000000083a80000)
 Metaspace       used 34529K, capacity 35410K, committed 35496K, reserved 1079296K
  class space    used 4740K, capacity 4974K, committed 5040K, reserved 1048576K
Event: 9.868 GC heap after
Heap after GC invocations=10 (full 1):
 PSYoungGen      total 115712K, used 8667K [0x00000000d5580000, 0x00000000df380000, 0x0000000100000000)
  eden space 103936K, 0% used [0x00000000d5580000,0x00000000d5580000,0x00000000dbb00000)
  from space 11776K, 73% used [0x00000000dbb00000,0x00000000dc376f58,0x00000000dc680000)
  to   space 11776K, 0% used [0x00000000de800000,0x00000000de800000,0x00000000df380000)
 ParOldGen       total 59904K, used 8877K [0x0000000080000000, 0x0000000083a80000, 0x00000000d5580000)
  object space 59904K, 14% used [0x0000000080000000,0x00000000808ab790,0x0000000083a80000)
 Metaspace       used 34529K, capacity 35410K, committed 35496K, reserved 1079296K
  class space    used 4740K, capacity 4974K, committed 5040K, reserved 1048576K
}
Event: 9.868 GC heap before
{Heap before GC invocations=11 (full 2):
 PSYoungGen      total 115712K, used 8667K [0x00000000d5580000, 0x00000000df380000, 0x0000000100000000)
  eden space 103936K, 0% used [0x00000000d5580000,0x00000000d5580000,0x00000000dbb00000)
  from space 11776K, 73% used [0x00000000dbb00000,0x00000000dc376f58,0x00000000dc680000)
  to   space 11776K, 0% used [0x00000000de800000,0x00000000de800000,0x00000000df380000)
 ParOldGen       total 59904K, used 8877K [0x0000000080000000, 0x0000000083a80000, 0x00000000d5580000)
  object space 59904K, 14% used [0x0000000080000000,0x00000000808ab790,0x0000000083a80000)
 Metaspace       used 34529K, capacity 35410K, committed 35496K, reserved 1079296K
  class space    used 4740K, capacity 4974K, committed 5040K, reserved 1048576K
Event: 9.943 GC heap after
Heap after GC invocations=11 (full 2):
 PSYoungGen      total 115712K, used 0K [0x00000000d5580000, 0x00000000df380000, 0x0000000100000000)
  eden space 103936K, 0% used [0x00000000d5580000,0x00000000d5580000,0x00000000dbb00000)
  from space 11776K, 0% used [0x00000000dbb00000,0x00000000dbb00000,0x00000000dc680000)
  to   space 11776K, 0% used [0x00000000de800000,0x00000000de800000,0x00000000df380000)
 ParOldGen       total 89088K, used 15224K [0x0000000080000000, 0x0000000085700000, 0x00000000d5580000)
  object space 89088K, 17% used [0x0000000080000000,0x0000000080ede078,0x0000000085700000)
 Metaspace       used 34529K, capacity 35410K, committed 35496K, reserved 1079296K
  class space    used 4740K, capacity 4974K, committed 5040K, reserved 1048576K
}
Event: 21.763 GC heap before
{Heap before GC invocations=12 (full 2):
 PSYoungGen      total 115712K, used 103936K [0x00000000d5580000, 0x00000000df380000, 0x0000000100000000)
  eden space 103936K, 100% used [0x00000000d5580000,0x00000000dbb00000,0x00000000dbb00000)
  from space 11776K, 0% used [0x00000000dbb00000,0x00000000dbb00000,0x00000000dc680000)
  to   space 11776K, 0% used [0x00000000de800000,0x00000000de800000,0x00000000df380000)
 ParOldGen       total 89088K, used 15224K [0x0000000080000000, 0x0000000085700000, 0x00000000d5580000)
  object space 89088K, 17% used [0x0000000080000000,0x0000000080ede078,0x0000000085700000)
 Metaspace       used 43977K, capacity 45466K, committed 45608K, reserved 1089536K
  class space    used 5965K, capacity 6335K, committed 6448K, reserved 1048576K
Event: 21.794 GC heap after
Heap after GC invocations=12 (full 2):
 PSYoungGen      total 143360K, used 11750K [0x00000000d5580000, 0x00000000df380000, 0x0000000100000000)
  eden space 131584K, 0% used [0x00000000d5580000,0x00000000d5580000,0x00000000dd600000)
  from space 11776K, 99% used [0x00000000de800000,0x00000000df379978,0x00000000df380000)
  to   space 13312K, 0% used [0x00000000dd980000,0x00000000dd980000,0x00000000de680000)
 ParOldGen       total 89088K, used 16290K [0x0000000080000000, 0x0000000085700000, 0x00000000d5580000)
  object space 89088K, 18% used [0x0000000080000000,0x0000000080fe8890,0x0000000085700000)
 Metaspace       used 43977K, capacity 45466K, committed 45608K, reserved 1089536K
  class space    used 5965K, capacity 6335K, committed 6448K, reserved 1048576K
}

Deoptimization events (10 events):
Event: 22.205 Thread 0x000000001bdf9800 Uncommon trap: reason=unstable_if action=reinterpret pc=0x0000000002f3e5d4 method=java.util.jar.JarFile.maybeInstantiateVerifier()V @ 4
Event: 22.205 Thread 0x000000001bdf9800 Uncommon trap: reason=unstable_if action=reinterpret pc=0x00000000027e0ef0 method=java.security.CodeSource.<init>(Ljava/net/URL;[Ljava/security/CodeSigner;)V @ 25
Event: 22.207 Thread 0x000000001bdf9800 Uncommon trap: reason=unstable_if action=reinterpret pc=0x0000000002aa35ec method=java.security.CodeSource.getCertificates()[Ljava/security/cert/Certificate; @ 22
Event: 22.207 Thread 0x000000001bdf9800 Uncommon trap: reason=unstable_if action=reinterpret pc=0x0000000002a2e470 method=java.util.jar.JarFile.maybeInstantiateVerifier()V @ 4
Event: 22.208 Thread 0x000000001bdf9800 Uncommon trap: reason=unstable_if action=reinterpret pc=0x00000000027277a8 method=java.util.jar.JarFile.maybeInstantiateVerifier()V @ 4
Event: 22.208 Thread 0x000000001bdf9800 Uncommon trap: reason=unstable_if action=reinterpret pc=0x000000000309d63c method=java.security.CodeSource.matchCerts(Ljava/security/CodeSource;Z)Z @ 11
Event: 22.246 Thread 0x000000001bdf9800 Uncommon trap: reason=unstable_if action=reinterpret pc=0x0000000002f7a164 method=java.util.LinkedHashMap.get(Ljava/lang/Object;)Ljava/lang/Object; @ 20
Event: 25.428 Thread 0x000000001bdf9800 Uncommon trap: reason=unstable_if action=reinterpret pc=0x00000000026a6870 method=org.gradle.internal.reflect.PropertyAccessorType.of(Ljava/lang/reflect/Method;)Lorg/gradle/internal/reflect/PropertyAccessorType; @ 56
Event: 28.654 Thread 0x000000001bdf9800 Uncommon trap: reason=unstable_if action=reinterpret pc=0x0000000003110170 method=org.gradle.internal.instantiation.generator.AbstractClassGenerator$InjectionAnnotationValidator.validateMethod(Ljava/lang/reflect/Method;Lorg/gradle/internal/reflect/Propert
Event: 28.654 Thread 0x000000001bdf9800 Uncommon trap: reason=unstable_if action=reinterpret pc=0x0000000002ab2744 method=org.gradle.internal.instantiation.generator.AbstractClassGenerator$InjectionAnnotationValidator.validateMethod(Ljava/lang/reflect/Method;Lorg/gradle/internal/reflect/Propert

Classes redefined (0 events):
No events

Internal exceptions (10 events):
Event: 29.484 Thread 0x000000001bdf9800 Exception <a 'java/lang/ClassNotFoundException': com/android/build/gradle/internal/dsl/BuildType_DecoratedBeanInfo> (0x00000000d9a45348) thrown at [C:\src\AOSP-openjdk-git\hotspot\src\share\vm\classfile\systemDictionary.cpp, line 210]
Event: 29.486 Thread 0x000000001bdf9800 Exception <a 'java/lang/ClassNotFoundException': com/android/build/gradle/internal/dsl/BuildTypeBeanInfo> (0x00000000d9a601b0) thrown at [C:\src\AOSP-openjdk-git\hotspot\src\share\vm\classfile\systemDictionary.cpp, line 210]
Event: 29.488 Thread 0x000000001bdf9800 Exception <a 'java/lang/ClassNotFoundException': com/android/builder/core/AbstractBuildTypeBeanInfo> (0x00000000d9a793f0) thrown at [C:\src\AOSP-openjdk-git\hotspot\src\share\vm\classfile\systemDictionary.cpp, line 210]
Event: 29.489 Thread 0x000000001bdf9800 Exception <a 'java/lang/ClassNotFoundException': com/android/builder/core/AbstractBuildTypeCustomizer> (0x00000000d9a93650) thrown at [C:\src\AOSP-openjdk-git\hotspot\src\share\vm\classfile\systemDictionary.cpp, line 210]
Event: 29.493 Thread 0x000000001bdf9800 Exception <a 'java/lang/ClassNotFoundException': com/android/build/gradle/internal/dsl/BuildTypeCustomizer> (0x00000000d9ac8d78) thrown at [C:\src\AOSP-openjdk-git\hotspot\src\share\vm\classfile\systemDictionary.cpp, line 210]
Event: 29.499 Thread 0x000000001bdf9800 Exception <a 'java/lang/ClassNotFoundException': com/android/build/gradle/internal/dsl/BuildType_DecoratedCustomizer> (0x00000000d9b2c158) thrown at [C:\src\AOSP-openjdk-git\hotspot\src\share\vm\classfile\systemDictionary.cpp, line 210]
Event: 29.517 Thread 0x000000001bdf9800 Exception <a 'java/lang/ClassNotFoundException': build_8xwaq8d71wv4hf08najtxtilu$_run_closure1$_closure4BeanInfo> (0x00000000d9bf65f0) thrown at [C:\src\AOSP-openjdk-git\hotspot\src\share\vm\classfile\systemDictionary.cpp, line 210]
Event: 29.518 Thread 0x000000001bdf9800 Exception <a 'java/lang/ClassNotFoundException': build_8xwaq8d71wv4hf08najtxtilu$_run_closure1$_closure4Customizer> (0x00000000d9c08a28) thrown at [C:\src\AOSP-openjdk-git\hotspot\src\share\vm\classfile\systemDictionary.cpp, line 210]
Event: 29.525 Thread 0x000000001bdf9800 Exception <a 'java/lang/ClassNotFoundException': build_8xwaq8d71wv4hf08najtxtilu$_run_closure1BeanInfo> (0x00000000d9c32e30) thrown at [C:\src\AOSP-openjdk-git\hotspot\src\share\vm\classfile\systemDictionary.cpp, line 210]
Event: 29.526 Thread 0x000000001bdf9800 Exception <a 'java/lang/ClassNotFoundException': build_8xwaq8d71wv4hf08najtxtilu$_run_closure1Customizer> (0x00000000d9c446e8) thrown at [C:\src\AOSP-openjdk-git\hotspot\src\share\vm\classfile\systemDictionary.cpp, line 210]

Events (10 events):
Event: 29.518 loading class build_8xwaq8d71wv4hf08najtxtilu$_run_closure1$_closure4Customizer
Event: 29.518 loading class build_8xwaq8d71wv4hf08najtxtilu$_run_closure1$_closure4Customizer done
Event: 29.524 loading class build_8xwaq8d71wv4hf08najtxtilu$_run_closure1BeanInfo
Event: 29.524 loading class build_8xwaq8d71wv4hf08najtxtilu$_run_closure1BeanInfo done
Event: 29.525 loading class build_8xwaq8d71wv4hf08najtxtilu$_run_closure1BeanInfo
Event: 29.525 loading class build_8xwaq8d71wv4hf08najtxtilu$_run_closure1BeanInfo done
Event: 29.526 loading class build_8xwaq8d71wv4hf08najtxtilu$_run_closure1Customizer
Event: 29.526 loading class build_8xwaq8d71wv4hf08najtxtilu$_run_closure1Customizer done
Event: 29.526 loading class build_8xwaq8d71wv4hf08najtxtilu$_run_closure1Customizer
Event: 29.526 loading class build_8xwaq8d71wv4hf08najtxtilu$_run_closure1Customizer done


Dynamic libraries:
0x00007ff70f980000 - 0x00007ff70f9b1000 	C:\Program Files\Android\Android Studio\jre\bin\java.exe
0x00007ffb95830000 - 0x00007ffb95a25000 	C:\WINDOWS\SYSTEM32\ntdll.dll
0x00007ffb938f0000 - 0x00007ffb939ad000 	C:\WINDOWS\System32\KERNEL32.DLL
0x00007ffb935c0000 - 0x00007ffb93887000 	C:\WINDOWS\System32\KERNELBASE.dll
0x00007ffb94c80000 - 0x00007ffb94d2a000 	C:\WINDOWS\System32\ADVAPI32.dll
0x00007ffb95680000 - 0x00007ffb9571e000 	C:\WINDOWS\System32\msvcrt.dll
0x00007ffb94590000 - 0x00007ffb9462b000 	C:\WINDOWS\System32\sechost.dll
0x00007ffb94b50000 - 0x00007ffb94c74000 	C:\WINDOWS\System32\RPCRT4.dll
0x00007ffb95480000 - 0x00007ffb95620000 	C:\WINDOWS\System32\USER32.dll
0x00007ffb93280000 - 0x00007ffb932a2000 	C:\WINDOWS\System32\win32u.dll
0x00007ffb95370000 - 0x00007ffb9539a000 	C:\WINDOWS\System32\GDI32.dll
0x00007ffb92f70000 - 0x00007ffb93079000 	C:\WINDOWS\System32\gdi32full.dll
0x00007ffb934c0000 - 0x00007ffb9355d000 	C:\WINDOWS\System32\msvcp_win.dll
0x00007ffb93100000 - 0x00007ffb93200000 	C:\WINDOWS\System32\ucrtbase.dll
0x00007ffb73820000 - 0x00007ffb73abb000 	C:\WINDOWS\WinSxS\amd64_microsoft.windows.common-controls_6595b64144ccf1df_6.0.19041.488_none_ca04af081b815d21\COMCTL32.dll
0x00007ffb94b20000 - 0x00007ffb94b50000 	C:\WINDOWS\System32\IMM32.DLL
0x0000000068be0000 - 0x0000000068cb2000 	C:\Program Files\Android\Android Studio\jre\jre\bin\msvcr100.dll
0x0000000068da0000 - 0x00000000695eb000 	C:\Program Files\Android\Android Studio\jre\jre\bin\server\jvm.dll
0x00007ffb944b0000 - 0x00007ffb944b8000 	C:\WINDOWS\System32\PSAPI.DLL
0x00007ffb8c8f0000 - 0x00007ffb8c8f9000 	C:\WINDOWS\SYSTEM32\WSOCK32.dll
0x00007ffb8bf40000 - 0x00007ffb8bf67000 	C:\WINDOWS\SYSTEM32\WINMM.dll
0x00007ffb86ff0000 - 0x00007ffb86ffa000 	C:\WINDOWS\SYSTEM32\VERSION.dll
0x00007ffb95300000 - 0x00007ffb9536b000 	C:\WINDOWS\System32\WS2_32.dll
0x00007ffb89830000 - 0x00007ffb8983f000 	C:\Program Files\Android\Android Studio\jre\jre\bin\verify.dll
0x00007ffb7d290000 - 0x00007ffb7d2b9000 	C:\Program Files\Android\Android Studio\jre\jre\bin\java.dll
0x00007ffb87c40000 - 0x00007ffb87c56000 	C:\Program Files\Android\Android Studio\jre\jre\bin\zip.dll
0x00007ffb939b0000 - 0x00007ffb940f1000 	C:\WINDOWS\System32\SHELL32.dll
0x00007ffb90d20000 - 0x00007ffb914b3000 	C:\WINDOWS\SYSTEM32\windows.storage.dll
0x00007ffb94fa0000 - 0x00007ffb952f5000 	C:\WINDOWS\System32\combase.dll
0x00007ffb92910000 - 0x00007ffb9293c000 	C:\WINDOWS\SYSTEM32\Wldp.dll
0x00007ffb94d30000 - 0x00007ffb94dde000 	C:\WINDOWS\System32\SHCORE.dll
0x00007ffb942a0000 - 0x00007ffb942f5000 	C:\WINDOWS\System32\shlwapi.dll
0x00007ffb92ea0000 - 0x00007ffb92ec6000 	C:\WINDOWS\SYSTEM32\profapi.dll
0x00007ffb879e0000 - 0x00007ffb879fa000 	C:\Program Files\Android\Android Studio\jre\jre\bin\net.dll
0x00007ffb92690000 - 0x00007ffb926fa000 	C:\WINDOWS\system32\mswsock.dll
0x00007ffb81650000 - 0x00007ffb81663000 	C:\Program Files\Android\Android Studio\jre\jre\bin\nio.dll
0x00007ffb7ce20000 - 0x00007ffb7ce46000 	C:\Users\jessi\.gradle\native\31\windows-amd64\native-platform.dll
0x00007ffb89820000 - 0x00007ffb8982d000 	C:\Program Files\Android\Android Studio\jre\jre\bin\management.dll
0x00007ffb92860000 - 0x00007ffb92878000 	C:\WINDOWS\SYSTEM32\CRYPTSP.dll
0x00007ffb92020000 - 0x00007ffb92054000 	C:\WINDOWS\system32\rsaenh.dll
0x00007ffb93080000 - 0x00007ffb930a7000 	C:\WINDOWS\System32\bcrypt.dll
0x00007ffb92e60000 - 0x00007ffb92e8e000 	C:\WINDOWS\SYSTEM32\USERENV.dll
0x00007ffb93200000 - 0x00007ffb9327f000 	C:\WINDOWS\System32\bcryptprimitives.dll
0x00007ffb92880000 - 0x00007ffb9288c000 	C:\WINDOWS\SYSTEM32\CRYPTBASE.dll
0x00007ffb92380000 - 0x00007ffb923bb000 	C:\WINDOWS\SYSTEM32\IPHLPAPI.DLL
0x00007ffb94f00000 - 0x00007ffb94f09000 	C:\WINDOWS\System32\NSI.dll
0x00007ffb88220000 - 0x00007ffb88237000 	C:\WINDOWS\SYSTEM32\dhcpcsvc6.DLL
0x00007ffb88510000 - 0x00007ffb8852d000 	C:\WINDOWS\SYSTEM32\dhcpcsvc.DLL
0x00007ffb923c0000 - 0x00007ffb9248b000 	C:\WINDOWS\SYSTEM32\DNSAPI.dll

VM Arguments:
jvm_args: -Xmx2048m -Dfile.encoding=windows-1252 -Duser.country=BR -Duser.language=pt -Duser.variant 
java_command: org.gradle.launcher.daemon.bootstrap.GradleDaemon 6.1.1
java_class_path (initial): C:\Users\jessi\.gradle\wrapper\dists\gradle-6.1.1-all\cfmwm155h49vnt3hynmlrsdst\gradle-6.1.1\lib\gradle-launcher-6.1.1.jar
Launcher Type: SUN_STANDARD

Environment Variables:
PATH=C:\WINDOWS\system32;C:\WINDOWS;C:\WINDOWS\System32\Wbem;C:\WINDOWS\System32\WindowsPowerShell\v1.0\;C:\WINDOWS\System32\OpenSSH\;C:\Program Files\Git\cmd;C:\Program Files (x86)\Intel\Intel(R) Management Engine Components\DAL;C:\Program Files\Intel\Intel(R) Management Engine Components\DAL;C:\Users\jessi\AppData\Local\Microsoft\WindowsApps;;C:\Users\jessi\AppData\Local\Programs\Microsoft VS Code\bin
USERNAME=jessi
OS=Windows_NT
PROCESSOR_IDENTIFIER=Intel64 Family 6 Model 142 Stepping 12, GenuineIntel



---------------  S Y S T E M  ---------------

OS: Windows 10.0 , 64 bit Build 19041 (10.0.19041.292)

CPU:total 8 (initial active 8) (4 cores per cpu, 2 threads per core) family 6 model 142 stepping 12, cmov, cx8, fxsr, mmx, sse, sse2, sse3, ssse3, sse4.1, sse4.2, popcnt, avx, avx2, aes, clmul, erms, 3dnowpref, lzcnt, ht, tsc, tscinvbit, bmi1, bmi2, adx

Memory: 4k page, physical 8262116k(653508k free), swap 8262116k(4136k free)

vm_info: OpenJDK 64-Bit Server VM (25.242-b01) for windows-amd64 JRE (1.8.0_242-release-1644-b01), built by "builder" with MS VC++ 10.0 (VS2010)

time: Wed Sep 23 10:45:39 2020
timezone: Hora oficial do Brasil
elapsed time: 29 seconds (0d 0h 0m 29s)

