#
# There is insufficient memory for the Java Runtime Environment to continue.
# Native memory allocation (malloc) failed to allocate 1545936 bytes for Chunk::new
# Possible reasons:
#   The system is out of physical RAM or swap space
#   The process is running with CompressedOops enabled, and the Java Heap may be blocking the growth of the native heap
# Possible solutions:
#   Reduce memory load on the system
#   Increase physical memory or swap space
#   Check if swap backing store is full
#   Decrease Java heap size (-Xmx/-Xms)
#   Decrease number of Java threads
#   Decrease Java thread stack sizes (-Xss)
#   Set larger code cache with -XX:ReservedCodeCacheSize=
#   JVM is running with Unscaled Compressed Oops mode in which the Java heap is
#     placed in the first 4GB address space. The Java Heap base address is the
#     maximum limit for the native heap growth. Please use -XX:HeapBaseMinAddress
#     to set the Java Heap base and to place the Java Heap above 4GB virtual address.
# This output file may be truncated or incomplete.
#
#  Out of Memory Error (allocation.cpp:389), pid=2396, tid=0x0000000000000454
#
# JRE version: OpenJDK Runtime Environment (8.0_242-b01) (build 1.8.0_242-release-1644-b01)
# Java VM: OpenJDK 64-Bit Server VM (25.242-b01 mixed mode windows-amd64 compressed oops)
# Failed to write core dump. Minidumps are not enabled by default on client versions of Windows
#

---------------  T H R E A D  ---------------

Current thread (0x0000000019600800):  JavaThread "C2 CompilerThread0" daemon [_thread_in_native, id=1108, stack(0x0000000019ee0000,0x0000000019fe0000)]

Stack: [0x0000000019ee0000,0x0000000019fe0000]
[error occurred during error reporting (printing stack bounds), id 0xc0000005]

Native frames: (J=compiled Java code, j=interpreted, Vv=VM code, C=native code)


Current CompileTask:
C2: 270161 14156       4       com.android.utils.XmlUtils::append (639 bytes)


---------------  P R O C E S S  ---------------

Java Threads: ( => current thread )
  0x00000000251de000 JavaThread "stdout" [_thread_in_native, id=12144, stack(0x0000000028f80000,0x0000000029080000)]
  0x00000000251d9000 JavaThread "stderr" [_thread_in_native, id=7824, stack(0x0000000028e80000,0x0000000028f80000)]
  0x00000000251dd800 JavaThread "pool-6-thread-1" [_thread_blocked, id=3096, stack(0x0000000028d80000,0x0000000028e80000)]
  0x00000000251dc800 JavaThread "WorkerExecutor Queue" [_thread_blocked, id=2576, stack(0x0000000028c80000,0x0000000028d80000)]
  0x00000000251db000 JavaThread "Cache worker for execution history cache (C:\Users\jessi\AndroidStudioProjects\RelativeLayout\.gradle\6.1.1\executionHistory)" [_thread_blocked, id=1040, stack(0x0000000028780000,0x0000000028880000)]
  0x00000000251d9800 JavaThread "Execution worker for ':' Thread 7" [_thread_blocked, id=2056, stack(0x0000000028680000,0x0000000028780000)]
  0x00000000251d0800 JavaThread "Execution worker for ':' Thread 6" [_thread_blocked, id=11604, stack(0x0000000028580000,0x0000000028680000)]
  0x00000000251d7800 JavaThread "Execution worker for ':' Thread 5" [_thread_blocked, id=7844, stack(0x0000000028480000,0x0000000028580000)]
  0x00000000251cf800 JavaThread "Execution worker for ':' Thread 4" [_thread_blocked, id=12244, stack(0x0000000028380000,0x0000000028480000)]
  0x00000000251d6800 JavaThread "Execution worker for ':' Thread 3" [_thread_blocked, id=9552, stack(0x0000000028280000,0x0000000028380000)]
  0x00000000251d1000 JavaThread "Execution worker for ':' Thread 2" [_thread_blocked, id=7840, stack(0x0000000028180000,0x0000000028280000)]
  0x00000000251cf000 JavaThread "Execution worker for ':'" [_thread_blocked, id=11256, stack(0x0000000028080000,0x0000000028180000)]
  0x00000000251d3000 JavaThread "Cache worker for file content cache (C:\Users\jessi\AndroidStudioProjects\RelativeLayout\.gradle\6.1.1\fileContent)" [_thread_blocked, id=10312, stack(0x0000000026030000,0x0000000026130000)]
  0x00000000251d6000 JavaThread "Cache worker for Build Output Cleanup Cache (C:\Users\jessi\AndroidStudioProjects\RelativeLayout\.gradle\buildOutputCleanup)" [_thread_blocked, id=10180, stack(0x0000000023770000,0x0000000023870000)]
  0x00000000251d4800 JavaThread "Build operations Thread 8" [_thread_blocked, id=8200, stack(0x0000000023670000,0x0000000023770000)]
  0x000000001c7ab800 JavaThread "Build operations Thread 7" [_thread_blocked, id=4892, stack(0x0000000023570000,0x0000000023670000)]
  0x000000001c7aa800 JavaThread "Build operations Thread 6" [_thread_blocked, id=12124, stack(0x0000000023470000,0x0000000023570000)]
  0x000000001c7a7000 JavaThread "Build operations Thread 5" [_thread_blocked, id=8388, stack(0x00000000230f0000,0x00000000231f0000)]
  0x000000001c7aa000 JavaThread "Build operations Thread 4" [_thread_blocked, id=9616, stack(0x0000000022ff0000,0x00000000230f0000)]
  0x000000001c7ac000 JavaThread "Build operations Thread 3" [_thread_blocked, id=12176, stack(0x0000000022ef0000,0x0000000022ff0000)]
  0x000000001c7a9000 JavaThread "Build operations Thread 2" [_thread_blocked, id=9368, stack(0x0000000020bc0000,0x0000000020cc0000)]
  0x000000001c7a8800 JavaThread "Build operations" [_thread_blocked, id=9176, stack(0x0000000020ac0000,0x0000000020bc0000)]
  0x000000001c7a6000 JavaThread "Cache worker for cache directory md-rule (C:\Users\jessi\.gradle\caches\6.1.1\md-rule)" [_thread_blocked, id=10104, stack(0x00000000209c0000,0x0000000020ac0000)]
  0x000000001c7a5800 JavaThread "Cache worker for cache directory md-supplier (C:\Users\jessi\.gradle\caches\6.1.1\md-supplier)" [_thread_blocked, id=7688, stack(0x00000000208c0000,0x00000000209c0000)]
  0x000000001c7a7800 JavaThread "Cache worker for file hash cache (C:\Users\jessi\AndroidStudioProjects\RelativeLayout\.gradle\6.1.1\fileHashes)" [_thread_blocked, id=11328, stack(0x00000000207c0000,0x00000000208c0000)]
  0x000000001c7a1000 JavaThread "Cache worker for checksums cache (C:\Users\jessi\AndroidStudioProjects\RelativeLayout\.gradle\checksums)" [_thread_blocked, id=9948, stack(0x000000001de20000,0x000000001df20000)]
  0x000000001c79e000 JavaThread "Thread-72" [_thread_blocked, id=3524, stack(0x000000001db20000,0x000000001dc20000)]
  0x000000001c79f800 JavaThread "Stdin handler" [_thread_blocked, id=9836, stack(0x000000001da20000,0x000000001db20000)]
  0x000000001c7a4800 JavaThread "Asynchronous log dispatcher for DefaultDaemonConnection: socket connection from /127.0.0.1:50522 to /127.0.0.1:50615" [_thread_blocked, id=8568, stack(0x000000001d720000,0x000000001d820000)]
  0x000000001c79e800 JavaThread "Daemon worker Thread 3" [_thread_blocked, id=9180, stack(0x000000001d620000,0x000000001d720000)]
  0x000000001c79d000 JavaThread "Cancel handler" [_thread_blocked, id=5656, stack(0x0000000000b00000,0x0000000000c00000)]
  0x000000001c7a4000 JavaThread "Handler for socket connection from /127.0.0.1:50522 to /127.0.0.1:50615" [_thread_in_native, id=11520, stack(0x0000000000a00000,0x0000000000b00000)]
  0x000000001c7a3000 JavaThread "Daemon Thread 3" [_thread_blocked, id=12020, stack(0x0000000000900000,0x0000000000a00000)]
  0x00000000251d2000 JavaThread "Cache worker for file content cache (C:\Users\jessi\.gradle\caches\6.1.1\fileContent)" [_thread_blocked, id=6440, stack(0x0000000023f70000,0x0000000024070000)]
  0x00000000251d5000 JavaThread "Memory manager" [_thread_blocked, id=9872, stack(0x0000000023870000,0x0000000023970000)]
  0x000000001c0db000 JavaThread "Cache worker for execution history cache (C:\Users\jessi\.gradle\caches\6.1.1\executionHistory)" [_thread_blocked, id=3832, stack(0x0000000021f00000,0x0000000022000000)]
  0x000000001c0da000 JavaThread "Cache worker for file hash cache (C:\Users\jessi\.gradle\caches\6.1.1\fileHashes)" [_thread_blocked, id=6972, stack(0x000000001e320000,0x000000001e420000)]
  0x000000001c0db800 JavaThread "File lock request listener" [_thread_in_native, id=10752, stack(0x000000001e220000,0x000000001e320000)]
  0x000000001c28e000 JavaThread "Cache worker for journal cache (C:\Users\jessi\.gradle\caches\journal-1)" [_thread_blocked, id=8536, stack(0x000000001e120000,0x000000001e220000)]
  0x000000001c035800 JavaThread "Daemon periodic checks" [_thread_blocked, id=11868, stack(0x000000001d520000,0x000000001d620000)]
  0x000000001c043000 JavaThread "Incoming local TCP Connector on port 50522" [_thread_in_native, id=10140, stack(0x000000001d2c0000,0x000000001d3c0000)]
  0x000000001a5bb800 JavaThread "Daemon health stats" [_thread_blocked, id=8440, stack(0x000000001cc80000,0x000000001cd80000)]
  0x000000001961b000 JavaThread "Service Thread" daemon [_thread_blocked, id=12052, stack(0x000000001a2e0000,0x000000001a3e0000)]
  0x000000001960e000 JavaThread "C1 CompilerThread3" daemon [_thread_blocked, id=2428, stack(0x000000001a1e0000,0x000000001a2e0000)]
  0x0000000019605800 JavaThread "C2 CompilerThread2" daemon [_thread_blocked, id=10024, stack(0x000000001a0e0000,0x000000001a1e0000)]
  0x0000000019603800 JavaThread "C2 CompilerThread1" daemon [_thread_in_native, id=4932, stack(0x0000000019fe0000,0x000000001a0e0000)]
=>0x0000000019600800 JavaThread "C2 CompilerThread0" daemon [_thread_in_native, id=1108, stack(0x0000000019ee0000,0x0000000019fe0000)]
  0x0000000019600000 JavaThread "Attach Listener" daemon [_thread_blocked, id=2584, stack(0x0000000019de0000,0x0000000019ee0000)]
  0x00000000195ff000 JavaThread "Signal Dispatcher" daemon [_thread_blocked, id=2776, stack(0x0000000019ce0000,0x0000000019de0000)]
  0x00000000195f1000 JavaThread "Finalizer" daemon [_thread_blocked, id=9080, stack(0x0000000019ad0000,0x0000000019bd0000)]
  0x00000000195f0800 JavaThread "Reference Handler" daemon [_thread_blocked, id=11996, stack(0x00000000199d0000,0x0000000019ad0000)]
  0x0000000000cad800 JavaThread "main" [_thread_blocked, id=5424, stack(0x0000000002580000,0x0000000002680000)]

Other Threads:
  0x00000000177e8000 VMThread [stack: 0x00000000194d0000,0x00000000195d0000] [id=11404]
  0x000000001961c000 WatcherThread [stack: 0x000000001a3e0000,0x000000001a4e0000] [id=9140]

VM state:not at safepoint (normal execution)

VM Mutex/Monitor currently owned by a thread: None

heap address: 0x0000000080000000, size: 2048 MB, Compressed Oops mode: 32-bit
Narrow klass base: 0x0000000000000000, Narrow klass shift: 3
Compressed class space size: 1073741824 Address: 0x0000000100000000

Heap:
 PSYoungGen      total 211968K, used 92770K [0x00000000d5580000, 0x00000000e5600000, 0x0000000100000000)
  eden space 173056K, 53% used [0x00000000d5580000,0x00000000db018968,0x00000000dfe80000)
  from space 38912K, 0% used [0x00000000dfe80000,0x00000000dfe80000,0x00000000e2480000)
  to   space 38400K, 0% used [0x00000000e3080000,0x00000000e3080000,0x00000000e5600000)
 ParOldGen       total 150016K, used 52351K [0x0000000080000000, 0x0000000089280000, 0x00000000d5580000)
  object space 150016K, 34% used [0x0000000080000000,0x000000008331fc10,0x0000000089280000)
 Metaspace       used 93341K, capacity 97841K, committed 99788K, reserved 1134592K
  class space    used 12453K, capacity 13355K, committed 13772K, reserved 1048576K

Card table byte_map: [0x0000000011b40000,0x0000000011f50000] byte_map_base: 0x0000000011740000

Marking Bits: (ParMarkBitMap*) 0x000000006956f030
 Begin Bits: [0x0000000012a00000, 0x0000000014a00000)
 End Bits:   [0x0000000014a00000, 0x0000000016a00000)

Polling page: 0x0000000000cb0000

CodeCache: size=245760Kb used=38779Kb max_used=38794Kb free=206980Kb
 bounds [0x0000000002780000, 0x0000000004d90000, 0x0000000011780000]
 total_blobs=12948 nmethods=12064 adapters=795
 compilation: enabled

Compilation events (10 events):
Event: 269.697 Thread 0x0000000019605800 14257       4       sun.nio.fs.NativeBuffers::releaseNativeBuffer (103 bytes)
Event: 269.738 Thread 0x0000000019605800 nmethod 14257 0x0000000004d76b10 code [0x0000000004d76d00, 0x0000000004d77660]
Event: 269.738 Thread 0x0000000019605800 14247       4       java.util.stream.Sink$ChainedReference::end (10 bytes)
Event: 269.739 Thread 0x0000000019605800 nmethod 14247 0x0000000004d768d0 code [0x0000000004d76a00, 0x0000000004d76a78]
Event: 269.739 Thread 0x0000000019605800 14254   !   4       com.google.common.cache.LocalCache$Segment::get (210 bytes)
Event: 269.790 Thread 0x0000000019605800 nmethod 14254 0x0000000004d86810 code [0x0000000004d86aa0, 0x0000000004d87a30]
Event: 269.790 Thread 0x0000000019605800 14211       4       sun.nio.cs.UTF_8::newEncoder (10 bytes)
Event: 269.792 Thread 0x0000000019605800 nmethod 14211 0x0000000004d84fd0 code [0x0000000004d85120, 0x0000000004d85228]
Event: 269.915 Thread 0x0000000019605800 14260       4       java.util.concurrent.locks.AbstractQueuedSynchronizer$ConditionObject::awaitNanos (156 bytes)
Event: 269.980 Thread 0x0000000019605800 nmethod 14260 0x0000000004d891d0 code [0x0000000004d893e0, 0x0000000004d8a420]

GC Heap History (10 events):
Event: 21.746 GC heap before
{Heap before GC invocations=17 (full 3):
 PSYoungGen      total 164864K, used 156006K [0x00000000d5580000, 0x00000000e1e80000, 0x0000000100000000)
  eden space 144896K, 100% used [0x00000000d5580000,0x00000000de300000,0x00000000de300000)
  from space 19968K, 55% used [0x00000000de300000,0x00000000dedd9838,0x00000000df680000)
  to   space 19456K, 0% used [0x00000000e0b80000,0x00000000e0b80000,0x00000000e1e80000)
 ParOldGen       total 150016K, used 34144K [0x0000000080000000, 0x0000000089280000, 0x00000000d5580000)
  object space 150016K, 22% used [0x0000000080000000,0x00000000821583b8,0x0000000089280000)
 Metaspace       used 71986K, capacity 75264K, committed 75520K, reserved 1114112K
  class space    used 9868K, capacity 10489K, committed 10496K, reserved 1048576K
Event: 21.775 GC heap after
Heap after GC invocations=17 (full 3):
 PSYoungGen      total 183296K, used 19451K [0x00000000d5580000, 0x00000000e2400000, 0x0000000100000000)
  eden space 163840K, 0% used [0x00000000d5580000,0x00000000d5580000,0x00000000df580000)
  from space 19456K, 99% used [0x00000000e0b80000,0x00000000e1e7ef90,0x00000000e1e80000)
  to   space 22528K, 0% used [0x00000000df580000,0x00000000df580000,0x00000000e0b80000)
 ParOldGen       total 150016K, used 35741K [0x0000000080000000, 0x0000000089280000, 0x00000000d5580000)
  object space 150016K, 23% used [0x0000000080000000,0x00000000822e7590,0x0000000089280000)
 Metaspace       used 71986K, capacity 75264K, committed 75520K, reserved 1114112K
  class space    used 9868K, capacity 10489K, committed 10496K, reserved 1048576K
}
Event: 160.300 GC heap before
{Heap before GC invocations=18 (full 3):
 PSYoungGen      total 183296K, used 183291K [0x00000000d5580000, 0x00000000e2400000, 0x0000000100000000)
  eden space 163840K, 100% used [0x00000000d5580000,0x00000000df580000,0x00000000df580000)
  from space 19456K, 99% used [0x00000000e0b80000,0x00000000e1e7ef90,0x00000000e1e80000)
  to   space 22528K, 0% used [0x00000000df580000,0x00000000df580000,0x00000000e0b80000)
 ParOldGen       total 150016K, used 35741K [0x0000000080000000, 0x0000000089280000, 0x00000000d5580000)
  object space 150016K, 23% used [0x0000000080000000,0x00000000822e7590,0x0000000089280000)
 Metaspace       used 80717K, capacity 84542K, committed 84736K, reserved 1122304K
  class space    used 10753K, capacity 11501K, committed 11520K, reserved 1048576K
Event: 160.342 GC heap after
Heap after GC invocations=18 (full 3):
 PSYoungGen      total 186368K, used 22514K [0x00000000d5580000, 0x00000000e4080000, 0x0000000100000000)
  eden space 163840K, 0% used [0x00000000d5580000,0x00000000d5580000,0x00000000df580000)
  from space 22528K, 99% used [0x00000000df580000,0x00000000e0b7cbf0,0x00000000e0b80000)
  to   space 28672K, 0% used [0x00000000e2480000,0x00000000e2480000,0x00000000e4080000)
 ParOldGen       total 150016K, used 43892K [0x0000000080000000, 0x0000000089280000, 0x00000000d5580000)
  object space 150016K, 29% used [0x0000000080000000,0x0000000082add2f8,0x0000000089280000)
 Metaspace       used 80717K, capacity 84542K, committed 84736K, reserved 1122304K
  class space    used 10753K, capacity 11501K, committed 11520K, reserved 1048576K
}
Event: 164.250 GC heap before
{Heap before GC invocations=19 (full 3):
 PSYoungGen      total 186368K, used 186354K [0x00000000d5580000, 0x00000000e4080000, 0x0000000100000000)
  eden space 163840K, 100% used [0x00000000d5580000,0x00000000df580000,0x00000000df580000)
  from space 22528K, 99% used [0x00000000df580000,0x00000000e0b7cbf0,0x00000000e0b80000)
  to   space 28672K, 0% used [0x00000000e2480000,0x00000000e2480000,0x00000000e4080000)
 ParOldGen       total 150016K, used 43892K [0x0000000080000000, 0x0000000089280000, 0x00000000d5580000)
  object space 150016K, 29% used [0x0000000080000000,0x0000000082add2f8,0x0000000089280000)
 Metaspace       used 89843K, capacity 95322K, committed 95488K, reserved 1132544K
  class space    used 12188K, capacity 13213K, committed 13312K, reserved 1048576K
Event: 164.298 GC heap after
Heap after GC invocations=19 (full 3):
 PSYoungGen      total 201728K, used 28669K [0x00000000d5580000, 0x00000000e5700000, 0x0000000100000000)
  eden space 173056K, 0% used [0x00000000d5580000,0x00000000d5580000,0x00000000dfe80000)
  from space 28672K, 99% used [0x00000000e2480000,0x00000000e407f590,0x00000000e4080000)
  to   space 38912K, 0% used [0x00000000dfe80000,0x00000000dfe80000,0x00000000e2480000)
 ParOldGen       total 150016K, used 60254K [0x0000000080000000, 0x0000000089280000, 0x00000000d5580000)
  object space 150016K, 40% used [0x0000000080000000,0x0000000083ad79b8,0x0000000089280000)
 Metaspace       used 89843K, capacity 95322K, committed 95488K, reserved 1132544K
  class space    used 12188K, capacity 13213K, committed 13312K, reserved 1048576K
}
Event: 267.090 GC heap before
{Heap before GC invocations=20 (full 3):
 PSYoungGen      total 201728K, used 166505K [0x00000000d5580000, 0x00000000e5700000, 0x0000000100000000)
  eden space 173056K, 79% used [0x00000000d5580000,0x00000000ddc1b1b0,0x00000000dfe80000)
  from space 28672K, 99% used [0x00000000e2480000,0x00000000e407f590,0x00000000e4080000)
  to   space 38912K, 0% used [0x00000000dfe80000,0x00000000dfe80000,0x00000000e2480000)
 ParOldGen       total 150016K, used 60254K [0x0000000080000000, 0x0000000089280000, 0x00000000d5580000)
  object space 150016K, 40% used [0x0000000080000000,0x0000000083ad79b8,0x0000000089280000)
 Metaspace       used 92668K, capacity 98357K, committed 98380K, reserved 1134592K
  class space    used 12552K, capacity 13621K, committed 13644K, reserved 1048576K
Event: 267.113 GC heap after
Heap after GC invocations=20 (full 3):
 PSYoungGen      total 211968K, used 6477K [0x00000000d5580000, 0x00000000e5600000, 0x0000000100000000)
  eden space 173056K, 0% used [0x00000000d5580000,0x00000000d5580000,0x00000000dfe80000)
  from space 38912K, 16% used [0x00000000dfe80000,0x00000000e04d3738,0x00000000e2480000)
  to   space 38400K, 0% used [0x00000000e3080000,0x00000000e3080000,0x00000000e5600000)
 ParOldGen       total 150016K, used 72515K [0x0000000080000000, 0x0000000089280000, 0x00000000d5580000)
  object space 150016K, 48% used [0x0000000080000000,0x00000000846d0fc8,0x0000000089280000)
 Metaspace       used 92668K, capacity 98357K, committed 98380K, reserved 1134592K
  class space    used 12552K, capacity 13621K, committed 13644K, reserved 1048576K
}
Event: 267.113 GC heap before
{Heap before GC invocations=21 (full 4):
 PSYoungGen      total 211968K, used 6477K [0x00000000d5580000, 0x00000000e5600000, 0x0000000100000000)
  eden space 173056K, 0% used [0x00000000d5580000,0x00000000d5580000,0x00000000dfe80000)
  from space 38912K, 16% used [0x00000000dfe80000,0x00000000e04d3738,0x00000000e2480000)
  to   space 38400K, 0% used [0x00000000e3080000,0x00000000e3080000,0x00000000e5600000)
 ParOldGen       total 150016K, used 72515K [0x0000000080000000, 0x0000000089280000, 0x00000000d5580000)
  object space 150016K, 48% used [0x0000000080000000,0x00000000846d0fc8,0x0000000089280000)
 Metaspace       used 92668K, capacity 98357K, committed 98380K, reserved 1134592K
  class space    used 12552K, capacity 13621K, committed 13644K, reserved 1048576K
Event: 267.362 GC heap after
Heap after GC invocations=21 (full 4):
 PSYoungGen      total 211968K, used 0K [0x00000000d5580000, 0x00000000e5600000, 0x0000000100000000)
  eden space 173056K, 0% used [0x00000000d5580000,0x00000000d5580000,0x00000000dfe80000)
  from space 38912K, 0% used [0x00000000dfe80000,0x00000000dfe80000,0x00000000e2480000)
  to   space 38400K, 0% used [0x00000000e3080000,0x00000000e3080000,0x00000000e5600000)
 ParOldGen       total 150016K, used 52351K [0x0000000080000000, 0x0000000089280000, 0x00000000d5580000)
  object space 150016K, 34% used [0x0000000080000000,0x000000008331fc10,0x0000000089280000)
 Metaspace       used 91966K, capacity 96375K, committed 98380K, reserved 1134592K
  class space    used 12315K, capacity 13206K, committed 13644K, reserved 1048576K
}

Deoptimization events (10 events):
Event: 269.213 Thread 0x00000000251cf800 Uncommon trap: reason=class_check action=maybe_recompile pc=0x0000000004c967a0 method=com.sun.org.apache.xerces.internal.dom.NamedNodeMapImpl.findNamePoint(Ljava/lang/String;I)I @ 54
Event: 269.213 Thread 0x00000000251cf800 Uncommon trap: reason=class_check action=maybe_recompile pc=0x0000000004c967a0 method=com.sun.org.apache.xerces.internal.dom.NamedNodeMapImpl.findNamePoint(Ljava/lang/String;I)I @ 54
Event: 269.213 Thread 0x00000000251cf800 Uncommon trap: reason=class_check action=maybe_recompile pc=0x0000000004c967a0 method=com.sun.org.apache.xerces.internal.dom.NamedNodeMapImpl.findNamePoint(Ljava/lang/String;I)I @ 54
Event: 269.213 Thread 0x00000000251cf800 Uncommon trap: reason=class_check action=maybe_recompile pc=0x0000000004c967a0 method=com.sun.org.apache.xerces.internal.dom.NamedNodeMapImpl.findNamePoint(Ljava/lang/String;I)I @ 54
Event: 269.238 Thread 0x00000000251cf800 Uncommon trap: reason=unstable_if action=reinterpret pc=0x0000000004c9c094 method=com.sun.org.apache.xerces.internal.dom.DeferredDocumentImpl.getTypeInfo(I)Ljava/lang/Object; @ 24
Event: 269.367 Thread 0x00000000251cf800 Uncommon trap: reason=unstable_if action=reinterpret pc=0x0000000002eeb870 method=sun.nio.cs.UTF_8$Encoder.encodeArrayLoop(Ljava/nio/CharBuffer;Ljava/nio/ByteBuffer;)Ljava/nio/charset/CoderResult; @ 113
Event: 269.368 Thread 0x00000000251cf800 Uncommon trap: reason=unstable_if action=reinterpret pc=0x0000000004460fdc method=java.nio.charset.CharsetEncoder.encode(Ljava/nio/CharBuffer;Ljava/nio/ByteBuffer;Z)Ljava/nio/charset/CoderResult; @ 94
Event: 269.414 Thread 0x00000000251cf800 Uncommon trap: reason=array_check action=maybe_recompile pc=0x0000000004b8ef0c method=java.util.TimSort.reverseRange([Ljava/lang/Object;II)V @ 20
Event: 269.414 Thread 0x00000000251cf800 Uncommon trap: reason=array_check action=maybe_recompile pc=0x0000000004b8ef0c method=java.util.TimSort.reverseRange([Ljava/lang/Object;II)V @ 20
Event: 269.417 Thread 0x00000000251cf800 Uncommon trap: reason=array_check action=maybe_recompile pc=0x0000000004b8ef0c method=java.util.TimSort.reverseRange([Ljava/lang/Object;II)V @ 20

Classes redefined (0 events):
No events

Internal exceptions (10 events):
Event: 171.798 Thread 0x000000001ab8d800 Exception <a 'sun/nio/fs/WindowsException'> (0x00000000dc87d730) thrown at [C:\src\AOSP-openjdk-git\hotspot\src\share\vm\prims\jni.cpp, line 710]
Event: 267.695 Thread 0x00000000251d6800 Implicit null exception at 0x0000000003dc3655 to 0x0000000003dc38e6
Event: 267.695 Thread 0x00000000251cf800 Implicit null exception at 0x0000000003dc3655 to 0x0000000003dc38e6
Event: 268.704 Thread 0x00000000251cf800 Implicit null exception at 0x0000000003781a5e to 0x0000000003781be1
Event: 268.901 Thread 0x00000000251cf800 Implicit null exception at 0x0000000004c7b7bf to 0x0000000004c7b9dd
Event: 268.902 Thread 0x00000000251cf800 Implicit null exception at 0x000000000374af5a to 0x000000000374afad
Event: 269.238 Thread 0x00000000251cf800 Implicit null exception at 0x0000000004c9bff5 to 0x0000000004c9c079
Event: 269.413 Thread 0x00000000251cf800 Exception <a 'java/lang/NoSuchMethodError': <clinit>> (0x00000000da17bd08) thrown at [C:\src\AOSP-openjdk-git\hotspot\src\share\vm\prims\jni.cpp, line 1615]
Event: 269.415 Thread 0x00000000251cf800 Exception <a 'java/lang/NoSuchMethodError': <clinit>> (0x00000000da18c178) thrown at [C:\src\AOSP-openjdk-git\hotspot\src\share\vm\prims\jni.cpp, line 1615]
Event: 269.417 Thread 0x00000000251cf800 Exception <a 'java/lang/NoSuchMethodError': <clinit>> (0x00000000da19f848) thrown at [C:\src\AOSP-openjdk-git\hotspot\src\share\vm\prims\jni.cpp, line 1615]

Events (10 events):
Event: 269.610 loading class com/android/utils/GrabProcessOutput$Wait
Event: 269.610 loading class com/android/utils/GrabProcessOutput$Wait done
Event: 269.611 loading class com/android/utils/GrabProcessOutput
Event: 269.611 loading class com/android/utils/GrabProcessOutput done
Event: 269.633 loading class com/android/utils/GrabProcessOutput$1
Event: 269.633 loading class com/android/utils/GrabProcessOutput$1 done
Event: 269.634 loading class com/android/utils/GrabProcessOutput$2
Event: 269.634 loading class com/android/utils/GrabProcessOutput$2 done
Event: 269.635 Thread 0x00000000251d9000 Thread added: 0x00000000251d9000
Event: 269.635 Thread 0x00000000251de000 Thread added: 0x00000000251de000


Dynamic libraries:
0x00007ff70f980000 - 0x00007ff70f9b1000 	C:\Program Files\Android\Android Studio\jre\bin\java.exe
0x00007ffb95830000 - 0x00007ffb95a25000 	C:\WINDOWS\SYSTEM32\ntdll.dll
0x00007ffb938f0000 - 0x00007ffb939ad000 	C:\WINDOWS\System32\KERNEL32.DLL
0x00007ffb935c0000 - 0x00007ffb93887000 	C:\WINDOWS\System32\KERNELBASE.dll
0x00007ffb94c80000 - 0x00007ffb94d2a000 	C:\WINDOWS\System32\ADVAPI32.dll
0x00007ffb95680000 - 0x00007ffb9571e000 	C:\WINDOWS\System32\msvcrt.dll
0x00007ffb94590000 - 0x00007ffb9462b000 	C:\WINDOWS\System32\sechost.dll
0x00007ffb94b50000 - 0x00007ffb94c74000 	C:\WINDOWS\System32\RPCRT4.dll
0x00007ffb95480000 - 0x00007ffb95620000 	C:\WINDOWS\System32\USER32.dll
0x00007ffb93280000 - 0x00007ffb932a2000 	C:\WINDOWS\System32\win32u.dll
0x00007ffb95370000 - 0x00007ffb9539a000 	C:\WINDOWS\System32\GDI32.dll
0x00007ffb92f70000 - 0x00007ffb93079000 	C:\WINDOWS\System32\gdi32full.dll
0x00007ffb934c0000 - 0x00007ffb9355d000 	C:\WINDOWS\System32\msvcp_win.dll
0x00007ffb93100000 - 0x00007ffb93200000 	C:\WINDOWS\System32\ucrtbase.dll
0x00007ffb73820000 - 0x00007ffb73abb000 	C:\WINDOWS\WinSxS\amd64_microsoft.windows.common-controls_6595b64144ccf1df_6.0.19041.488_none_ca04af081b815d21\COMCTL32.dll
0x00007ffb94b20000 - 0x00007ffb94b50000 	C:\WINDOWS\System32\IMM32.DLL
0x0000000068be0000 - 0x0000000068cb2000 	C:\Program Files\Android\Android Studio\jre\jre\bin\msvcr100.dll
0x0000000068da0000 - 0x00000000695eb000 	C:\Program Files\Android\Android Studio\jre\jre\bin\server\jvm.dll
0x00007ffb944b0000 - 0x00007ffb944b8000 	C:\WINDOWS\System32\PSAPI.DLL
0x00007ffb8c8f0000 - 0x00007ffb8c8f9000 	C:\WINDOWS\SYSTEM32\WSOCK32.dll
0x00007ffb8bf40000 - 0x00007ffb8bf67000 	C:\WINDOWS\SYSTEM32\WINMM.dll
0x00007ffb86ff0000 - 0x00007ffb86ffa000 	C:\WINDOWS\SYSTEM32\VERSION.dll
0x00007ffb95300000 - 0x00007ffb9536b000 	C:\WINDOWS\System32\WS2_32.dll
0x00007ffb8a5a0000 - 0x00007ffb8a5af000 	C:\Program Files\Android\Android Studio\jre\jre\bin\verify.dll
0x00007ffb87d60000 - 0x00007ffb87d89000 	C:\Program Files\Android\Android Studio\jre\jre\bin\java.dll
0x00007ffb8a580000 - 0x00007ffb8a596000 	C:\Program Files\Android\Android Studio\jre\jre\bin\zip.dll
0x00007ffb939b0000 - 0x00007ffb940f1000 	C:\WINDOWS\System32\SHELL32.dll
0x00007ffb90d20000 - 0x00007ffb914b3000 	C:\WINDOWS\SYSTEM32\windows.storage.dll
0x00007ffb94fa0000 - 0x00007ffb952f5000 	C:\WINDOWS\System32\combase.dll
0x00007ffb92910000 - 0x00007ffb9293c000 	C:\WINDOWS\SYSTEM32\Wldp.dll
0x00007ffb94d30000 - 0x00007ffb94dde000 	C:\WINDOWS\System32\SHCORE.dll
0x00007ffb942a0000 - 0x00007ffb942f5000 	C:\WINDOWS\System32\shlwapi.dll
0x00007ffb92ea0000 - 0x00007ffb92ec6000 	C:\WINDOWS\SYSTEM32\profapi.dll
0x00007ffb89820000 - 0x00007ffb8983a000 	C:\Program Files\Android\Android Studio\jre\jre\bin\net.dll
0x00007ffb92690000 - 0x00007ffb926fa000 	C:\WINDOWS\system32\mswsock.dll
0x00007ffb87c40000 - 0x00007ffb87c53000 	C:\Program Files\Android\Android Studio\jre\jre\bin\nio.dll
0x00007ffb7d640000 - 0x00007ffb7d666000 	C:\Users\jessi\.gradle\native\31\windows-amd64\native-platform.dll
0x00007ffb87dc0000 - 0x00007ffb87dcd000 	C:\Program Files\Android\Android Studio\jre\jre\bin\management.dll
0x00007ffb92860000 - 0x00007ffb92878000 	C:\WINDOWS\SYSTEM32\CRYPTSP.dll
0x00007ffb92020000 - 0x00007ffb92054000 	C:\WINDOWS\system32\rsaenh.dll
0x00007ffb93080000 - 0x00007ffb930a7000 	C:\WINDOWS\System32\bcrypt.dll
0x00007ffb92e60000 - 0x00007ffb92e8e000 	C:\WINDOWS\SYSTEM32\USERENV.dll
0x00007ffb93200000 - 0x00007ffb9327f000 	C:\WINDOWS\System32\bcryptprimitives.dll
0x00007ffb92880000 - 0x00007ffb9288c000 	C:\WINDOWS\SYSTEM32\CRYPTBASE.dll
0x00007ffb92380000 - 0x00007ffb923bb000 	C:\WINDOWS\SYSTEM32\IPHLPAPI.DLL
0x00007ffb94f00000 - 0x00007ffb94f09000 	C:\WINDOWS\System32\NSI.dll
0x00007ffb88220000 - 0x00007ffb88237000 	C:\WINDOWS\SYSTEM32\dhcpcsvc6.DLL
0x00007ffb88510000 - 0x00007ffb8852d000 	C:\WINDOWS\SYSTEM32\dhcpcsvc.DLL
0x00007ffb923c0000 - 0x00007ffb9248b000 	C:\WINDOWS\SYSTEM32\DNSAPI.dll

VM Arguments:
jvm_args: -Xmx2048m -Dfile.encoding=windows-1252 -Duser.country=BR -Duser.language=pt -Duser.variant 
java_command: org.gradle.launcher.daemon.bootstrap.GradleDaemon 6.1.1
java_class_path (initial): C:\Users\jessi\.gradle\wrapper\dists\gradle-6.1.1-all\cfmwm155h49vnt3hynmlrsdst\gradle-6.1.1\lib\gradle-launcher-6.1.1.jar
Launcher Type: SUN_STANDARD

Environment Variables:
PATH=C:\WINDOWS\system32;C:\WINDOWS;C:\WINDOWS\System32\Wbem;C:\WINDOWS\System32\WindowsPowerShell\v1.0\;C:\WINDOWS\System32\OpenSSH\;C:\Program Files\Git\cmd;C:\Program Files (x86)\Intel\Intel(R) Management Engine Components\DAL;C:\Program Files\Intel\Intel(R) Management Engine Components\DAL;C:\Users\jessi\AppData\Local\Microsoft\WindowsApps;;C:\Users\jessi\AppData\Local\Programs\Microsoft VS Code\bin
USERNAME=jessi
OS=Windows_NT
PROCESSOR_IDENTIFIER=Intel64 Family 6 Model 142 Stepping 12, GenuineIntel



---------------  S Y S T E M  ---------------

OS: Windows 10.0 , 64 bit Build 19041 (10.0.19041.292)

CPU:total 8 (initial active 8) (4 cores per cpu, 2 threads per core) family 6 model 142 stepping 12, cmov, cx8, fxsr, mmx, sse, sse2, sse3, ssse3, sse4.1, sse4.2, popcnt, avx, avx2, aes, clmul, erms, 3dnowpref, lzcnt, ht, tsc, tscinvbit, bmi1, bmi2, adx

Memory: 4k page, physical 8262116k(463740k free), swap 8262116k(4408k free)

vm_info: OpenJDK 64-Bit Server VM (25.242-b01) for windows-amd64 JRE (1.8.0_242-release-1644-b01), built by "builder" with MS VC++ 10.0 (VS2010)

time: Wed Sep 23 10:56:00 2020
timezone: Hora oficial do Brasil
elapsed time: 270 seconds (0d 0h 4m 30s)

